Using pre-set license
Built from '2020.3/staging' branch; Version is '2020.3.26f1 (7298b473bc1a) revision 7510196'; Using compiler version '192528614'; Build Type 'Release'
OS: 'Windows 10  (10.0.19044) 64bit Enterprise' Language: 'es' Physical Memory: 15789 MB
BatchMode: 1, IsHumanControllingUs: 0, StartBugReporterOnCrash: 0, Is64bit: 1, IsPro: 0

COMMAND LINE ARGUMENTS:
C:\Program Files\Unity\Hub\Editor\2020.3.26f1\Editor\Unity.exe
-adb2
-batchMode
-noUpm
-name
AssetImportWorker0
-projectPath
C:/Users/tallerespa/My project
-logFile
Logs/AssetImportWorker0.log
-srvPort
63631
Successfully changed project path to: C:/Users/tallerespa/My project
C:/Users/tallerespa/My project
Using Asset Import Pipeline V2.
Refreshing native plugins compatible for Editor in 27.23 ms, found 2 plugins.
Preloading 0 native plugins for Editor in 0.00 ms.
Initialize engine version: 2020.3.26f1 (7298b473bc1a)
[Subsystems] Discovering subsystems at path C:/Program Files/Unity/Hub/Editor/2020.3.26f1/Editor/Data/Resources/UnitySubsystems
[Subsystems] Discovering subsystems at path C:/Users/tallerespa/My project/Assets
GfxDevice: creating device client; threaded=0
Direct3D:
    Version:  Direct3D 11.0 [level 11.1]
    Renderer: AMD Radeon(TM) Graphics (ID=0x1636)
    Vendor:   
    VRAM:     7894 MB
    Driver:   31.0.12029.7019
Initialize mono
Mono path[0] = 'C:/Program Files/Unity/Hub/Editor/2020.3.26f1/Editor/Data/Managed'
Mono path[1] = 'C:/Program Files/Unity/Hub/Editor/2020.3.26f1/Editor/Data/MonoBleedingEdge/lib/mono/unityjit'
Mono config path = 'C:/Program Files/Unity/Hub/Editor/2020.3.26f1/Editor/Data/MonoBleedingEdge/etc'
Using monoOptions --debugger-agent=transport=dt_socket,embedding=1,server=y,suspend=n,address=127.0.0.1:56996
Begin MonoManager ReloadAssembly
Registering precompiled unity dll's ...
Register platform support module: C:/Program Files/Unity/Hub/Editor/2020.3.26f1/Editor/Data/PlaybackEngines/WebGLSupport/UnityEditor.WebGL.Extensions.dll
Register platform support module: C:/Program Files/Unity/Hub/Editor/2020.3.26f1/Editor/Data/PlaybackEngines/WindowsStandaloneSupport/UnityEditor.WindowsStandalone.Extensions.dll
Registered in 0.001301 seconds.
Native extension for WindowsStandalone target not found
Native extension for WebGL target not found
Refreshing native plugins compatible for Editor in 27.84 ms, found 2 plugins.
Preloading 0 native plugins for Editor in 0.00 ms.
Mono: successfully reloaded assembly
- Completed reload, in  0.464 seconds
Domain Reload Profiling:
	ReloadAssembly (465ms)
		BeginReloadAssembly (42ms)
			ExecutionOrderSort (0ms)
			DisableScriptedObjects (0ms)
			BackupInstance (0ms)
			ReleaseScriptingObjects (0ms)
			CreateAndSetChildDomain (1ms)
		EndReloadAssembly (362ms)
			LoadAssemblies (42ms)
			RebuildTransferFunctionScriptingTraits (0ms)
			SetupTypeCache (126ms)
			ReleaseScriptCaches (0ms)
			RebuildScriptCaches (26ms)
			SetupLoadedEditorAssemblies (134ms)
				LogAssemblyErrors (0ms)
				InitializePlatformSupportModulesInManaged (4ms)
				SetLoadedEditorAssemblies (0ms)
				RefreshPlugins (28ms)
				BeforeProcessingInitializeOnLoad (7ms)
				ProcessInitializeOnLoadAttributes (70ms)
				ProcessInitializeOnLoadMethodAttributes (24ms)
				AfterProcessingInitializeOnLoad (0ms)
				EditorAssembliesLoaded (0ms)
			ExecutionOrderSort2 (0ms)
			AwakeInstancesAfterBackupRestoration (0ms)
Platform modules already initialized, skipping
Registering precompiled user dll's ...
Registered in 0.002908 seconds.
Begin MonoManager ReloadAssembly
Native extension for WindowsStandalone target not found
Native extension for WebGL target not found
Refreshing native plugins compatible for Editor in 0.37 ms, found 2 plugins.
Preloading 0 native plugins for Editor in 0.00 ms.
Mono: successfully reloaded assembly
- Completed reload, in  0.804 seconds
Domain Reload Profiling:
	ReloadAssembly (805ms)
		BeginReloadAssembly (119ms)
			ExecutionOrderSort (0ms)
			DisableScriptedObjects (4ms)
			BackupInstance (0ms)
			ReleaseScriptingObjects (0ms)
			CreateAndSetChildDomain (17ms)
		EndReloadAssembly (634ms)
			LoadAssemblies (68ms)
			RebuildTransferFunctionScriptingTraits (0ms)
			SetupTypeCache (229ms)
			ReleaseScriptCaches (0ms)
			RebuildScriptCaches (35ms)
			SetupLoadedEditorAssemblies (229ms)
				LogAssemblyErrors (0ms)
				InitializePlatformSupportModulesInManaged (4ms)
				SetLoadedEditorAssemblies (0ms)
				RefreshPlugins (0ms)
				BeforeProcessingInitializeOnLoad (45ms)
				ProcessInitializeOnLoadAttributes (169ms)
				ProcessInitializeOnLoadMethodAttributes (7ms)
				AfterProcessingInitializeOnLoad (3ms)
				EditorAssembliesLoaded (0ms)
			ExecutionOrderSort2 (0ms)
			AwakeInstancesAfterBackupRestoration (5ms)
Platform modules already initialized, skipping
========================================================================
Worker process is ready to serve import requests
Launched and connected shader compiler UnityShaderCompiler.exe after 0.03 seconds
Refreshing native plugins compatible for Editor in 0.35 ms, found 2 plugins.
Preloading 0 native plugins for Editor in 0.00 ms.
Unloading 1503 Unused Serialized files (Serialized files now loaded: 0)
System memory in use before: 67.9 MB.
System memory in use after: 67.9 MB.

Unloading 19 unused Assets to reduce memory usage. Loaded Objects now: 1936.
Total: 2.978400 ms (FindLiveObjects: 0.259700 ms CreateObjectMapping: 0.089800 ms MarkObjects: 2.561700 ms  DeleteObjects: 0.065400 ms)

AssetImportParameters requested are different than current active one (requested -> active):
  custom:framework-win-MediaFoundation: 216162199b28c13a410421893ffa2e32 -> 
  custom:video-decoder-ogg-theora: a1e56fd34408186e4bbccfd4996cb3dc -> 
  custom:container-muxer-webm: aa71ff27fc2769a1b78a27578f13a17b -> 
  custom:container-demuxer-webm: 4f35f7cbe854078d1ac9338744f61a02 -> 
  custom:container-demuxer-ogg: 62fdf1f143b41e24485cea50d1cbac27 -> 
  custom:video-encoder-webm-vp8: eb34c28f22e8b96e1ab97ce403110664 -> 
  custom:video-decoder-webm-vp8: 9c59270c3fd7afecdb556c50c9e8de78 -> 
  custom:audio-decoder-ogg-vorbis: bf7c407c2cedff20999df2af8eb42d56 -> 
  custom:audio-encoder-webm-vorbis: bf7c407c2cedff20999df2af8eb42d56 -> 
========================================================================
Received Import Request.
  path: Assets/Houses_Pack/Materials
  artifactKey: Guid(ec769e01de505814e88c229f00b9d0da) Importer(815301076,1909f56bfc062723c751e8b465ee728b)
Start importing Assets/Houses_Pack/Materials using Guid(ec769e01de505814e88c229f00b9d0da) Importer(815301076,1909f56bfc062723c751e8b465ee728b)  -> (artifact id: '9da4dd9e220c72c181cf7083b4319c08') in 0.007993 seconds 
  Import took 0.010176 seconds .

========================================================================
Received Import Request.
  Time since last request: 0.000327 seconds.
  path: Assets/Houses_Pack/Materials/House_2.mat
  artifactKey: Guid(3779002b4fd983d409f96ee6684e9df9) Importer(815301076,1909f56bfc062723c751e8b465ee728b)
Start importing Assets/Houses_Pack/Materials/House_2.mat using Guid(3779002b4fd983d409f96ee6684e9df9) Importer(815301076,1909f56bfc062723c751e8b465ee728b)  -> (artifact id: '5aacee9ae9589aa140b23a3dfa3397d1') in 0.143224 seconds 
  Import took 0.147028 seconds .

========================================================================
Received Import Request.
  Time since last request: 0.000249 seconds.
  path: Assets/Houses_Pack/Materials/House_4.mat
  artifactKey: Guid(74328f13b153e694ca81ef6ec6f0c9fe) Importer(815301076,1909f56bfc062723c751e8b465ee728b)
Start importing Assets/Houses_Pack/Materials/House_4.mat using Guid(74328f13b153e694ca81ef6ec6f0c9fe) Importer(815301076,1909f56bfc062723c751e8b465ee728b)  -> (artifact id: '74b48011a04a1ed118c4cdcc49f26285') in 0.033035 seconds 
  Import took 0.036405 seconds .

========================================================================
Received Import Request.
  Time since last request: 0.000838 seconds.
  path: Assets/Houses_Pack/Materials/House_1.mat
  artifactKey: Guid(ad9941c6ea64c2d439db45a3b24cc172) Importer(815301076,1909f56bfc062723c751e8b465ee728b)
Start importing Assets/Houses_Pack/Materials/House_1.mat using Guid(ad9941c6ea64c2d439db45a3b24cc172) Importer(815301076,1909f56bfc062723c751e8b465ee728b)  -> (artifact id: '406ea2ca6018798de314c29adf391185') in 0.030196 seconds 
  Import took 0.033953 seconds .

========================================================================
Received Import Request.
  Time since last request: 0.000256 seconds.
  path: Assets/Houses_Pack/Materials/House_3.mat
  artifactKey: Guid(c6458bb073911f9459c5a7597de907bd) Importer(815301076,1909f56bfc062723c751e8b465ee728b)
Start importing Assets/Houses_Pack/Materials/House_3.mat using Guid(c6458bb073911f9459c5a7597de907bd) Importer(815301076,1909f56bfc062723c751e8b465ee728b)  -> (artifact id: '0ed2dd4deec186b2cf6ca6132148ec57') in 0.029725 seconds 
  Import took 0.033368 seconds .

========================================================================
Received Import Request.
  Time since last request: 1.016325 seconds.
  path: Assets/Houses_Pack/Textures/House_1.psd
  artifactKey: Guid(866347ebc60a0ec469ef74d1716abd41) Importer(815301076,1909f56bfc062723c751e8b465ee728b)
Start importing Assets/Houses_Pack/Textures/House_1.psd using Guid(866347ebc60a0ec469ef74d1716abd41) Importer(815301076,1909f56bfc062723c751e8b465ee728b)  -> (artifact id: '4cb3a58344c51ef15b4ac601e0465b31') in 0.100575 seconds 
  Import took 0.105076 seconds .

========================================================================
Received Import Request.
  Time since last request: 0.000280 seconds.
  path: Assets/Houses_Pack/Textures/House_2.psd
  artifactKey: Guid(b52374f1159b18b41b52202cdccd740c) Importer(815301076,1909f56bfc062723c751e8b465ee728b)
Start importing Assets/Houses_Pack/Textures/House_2.psd using Guid(b52374f1159b18b41b52202cdccd740c) Importer(815301076,1909f56bfc062723c751e8b465ee728b)  -> (artifact id: '82e0a087c6a5b456ebc5f6bc87d509b9') in 0.028556 seconds 
  Import took 0.032083 seconds .

========================================================================
Received Import Request.
  Time since last request: 0.000341 seconds.
  path: Assets/Houses_Pack/Textures/House_3.psd
  artifactKey: Guid(3fce462d7b8ebb34bb58adf55645f2f9) Importer(815301076,1909f56bfc062723c751e8b465ee728b)
Start importing Assets/Houses_Pack/Textures/House_3.psd using Guid(3fce462d7b8ebb34bb58adf55645f2f9) Importer(815301076,1909f56bfc062723c751e8b465ee728b)  -> (artifact id: '6764ac5af87df36f35ef3a826f58fca0') in 0.031575 seconds 
  Import took 0.036087 seconds .

========================================================================
Received Import Request.
  Time since last request: 0.000175 seconds.
  path: Assets/Houses_Pack/Textures/House_4.psd
  artifactKey: Guid(58b428055765b8f4e9a0eeea380f6efb) Importer(815301076,1909f56bfc062723c751e8b465ee728b)
Start importing Assets/Houses_Pack/Textures/House_4.psd using Guid(58b428055765b8f4e9a0eeea380f6efb) Importer(815301076,1909f56bfc062723c751e8b465ee728b)  -> (artifact id: 'db6196ebe5666248960e147094d94bd1') in 0.026372 seconds 
  Import took 0.029952 seconds .

========================================================================
Received Import Request.
  Time since last request: 116.297936 seconds.
  path: Assets/Steve
  artifactKey: Guid(3e86dcee0b25a064eb516da976cdf1b0) Importer(815301076,1909f56bfc062723c751e8b465ee728b)
Start importing Assets/Steve using Guid(3e86dcee0b25a064eb516da976cdf1b0) Importer(815301076,1909f56bfc062723c751e8b465ee728b)  -> (artifact id: '8393fe364e4c8f3a98a8982f2975a754') in 0.005768 seconds 
  Import took 0.009419 seconds .

========================================================================
Received Import Request.
  Time since last request: 144.892493 seconds.
  path: Assets/Animaciones
  artifactKey: Guid(c4f43041fd8a7fe469ed08db50444e74) Importer(815301076,1909f56bfc062723c751e8b465ee728b)
Start importing Assets/Animaciones using Guid(c4f43041fd8a7fe469ed08db50444e74) Importer(815301076,1909f56bfc062723c751e8b465ee728b)  -> (artifact id: '999d58a09db24d0312575bc96eb9dcb8') in 0.006570 seconds 
  Import took 0.010300 seconds .

========================================================================
Received Import Request.
  Time since last request: 6.090110 seconds.
  path: Assets/Animaciones/Ch49_nonPBR.fbx
  artifactKey: Guid(f151c399f0b86d2418b753ced85f03e3) Importer(815301076,1909f56bfc062723c751e8b465ee728b)
Start importing Assets/Animaciones/Ch49_nonPBR.fbx using Guid(f151c399f0b86d2418b753ced85f03e3) Importer(815301076,1909f56bfc062723c751e8b465ee728b)  -> (artifact id: '894ed3fee68f5e40fe7f96a9c5334cab') in 0.482252 seconds 
  Import took 0.489667 seconds .

========================================================================
Received Import Request.
  Time since last request: 0.000303 seconds.
  path: Assets/Animaciones/rifle aiming idle.fbx
  artifactKey: Guid(4a4331d8bd38dee4f8cae2e9132a6815) Importer(815301076,1909f56bfc062723c751e8b465ee728b)
Start importing Assets/Animaciones/rifle aiming idle.fbx using Guid(4a4331d8bd38dee4f8cae2e9132a6815) Importer(815301076,1909f56bfc062723c751e8b465ee728b)  -> (artifact id: 'f0772b17f886f3dda998b48597623a15') in 0.010779 seconds 
  Import took 0.013360 seconds .

========================================================================
Received Import Request.
  Time since last request: 0.000329 seconds.
  path: Assets/Animaciones/walking.fbx
  artifactKey: Guid(bf1b16c2eb6ddd9449e2174ea1f527a6) Importer(815301076,1909f56bfc062723c751e8b465ee728b)
Start importing Assets/Animaciones/walking.fbx using Guid(bf1b16c2eb6ddd9449e2174ea1f527a6) Importer(815301076,1909f56bfc062723c751e8b465ee728b)  -> (artifact id: '511610494d93dc2e6c7507a8a770d382') in 0.010976 seconds 
  Import took 0.014382 seconds .

========================================================================
Received Import Request.
  Time since last request: 0.000261 seconds.
  path: Assets/Animaciones/strafe (2).fbx
  artifactKey: Guid(d51ba83801e3ad847aa2efc0231125e3) Importer(815301076,1909f56bfc062723c751e8b465ee728b)
Start importing Assets/Animaciones/strafe (2).fbx using Guid(d51ba83801e3ad847aa2efc0231125e3) Importer(815301076,1909f56bfc062723c751e8b465ee728b)  -> (artifact id: '74c45e0d8e9f31a9446aa272a6d653d0') in 0.011415 seconds 
  Import took 0.014845 seconds .

========================================================================
Received Import Request.
  Time since last request: 0.000281 seconds.
  path: Assets/Animaciones/firing rifle.fbx
  artifactKey: Guid(85506687bccb1b34289470c94520b2fb) Importer(815301076,1909f56bfc062723c751e8b465ee728b)
Start importing Assets/Animaciones/firing rifle.fbx using Guid(85506687bccb1b34289470c94520b2fb) Importer(815301076,1909f56bfc062723c751e8b465ee728b)  -> (artifact id: 'dec1128d68177508475050c85162864b') in 0.011223 seconds 
  Import took 0.014122 seconds .

========================================================================
Received Import Request.
  Time since last request: 0.000288 seconds.
  path: Assets/Animaciones/strafe.fbx
  artifactKey: Guid(1ab83e8aa3f11f044a76e656aa4d990b) Importer(815301076,1909f56bfc062723c751e8b465ee728b)
Start importing Assets/Animaciones/strafe.fbx using Guid(1ab83e8aa3f11f044a76e656aa4d990b) Importer(815301076,1909f56bfc062723c751e8b465ee728b)  -> (artifact id: 'e2044f4f871587d7789d56d61a27b19d') in 0.010950 seconds 
  Import took 0.013889 seconds .

========================================================================
Received Import Request.
  Time since last request: 0.000260 seconds.
  path: Assets/Animaciones/rifle run.fbx
  artifactKey: Guid(14a07bada62be8b408aa94341c30083a) Importer(815301076,1909f56bfc062723c751e8b465ee728b)
Start importing Assets/Animaciones/rifle run.fbx using Guid(14a07bada62be8b408aa94341c30083a) Importer(815301076,1909f56bfc062723c751e8b465ee728b)  -> (artifact id: 'cb504c4e1d91cfb3041c65898863154f') in 0.010627 seconds 
  Import took 0.014072 seconds .

========================================================================
Received Import Request.
  Time since last request: 0.000356 seconds.
  path: Assets/Animaciones/reloading.fbx
  artifactKey: Guid(061b440640835dd47a54917cb6ebbc29) Importer(815301076,1909f56bfc062723c751e8b465ee728b)
Start importing Assets/Animaciones/reloading.fbx using Guid(061b440640835dd47a54917cb6ebbc29) Importer(815301076,1909f56bfc062723c751e8b465ee728b)  -> (artifact id: 'eee50caa1ee18525f2289dbffc81cf57') in 0.011994 seconds 
  Import took 0.015602 seconds .

========================================================================
Received Import Request.
  Time since last request: 312.260026 seconds.
  path: Assets/Animaciones/Ch49_nonPBR.fbx
  artifactKey: Guid(f151c399f0b86d2418b753ced85f03e3) Importer(815301076,1909f56bfc062723c751e8b465ee728b)
Start importing Assets/Animaciones/Ch49_nonPBR.fbx using Guid(f151c399f0b86d2418b753ced85f03e3) Importer(815301076,1909f56bfc062723c751e8b465ee728b)  -> (artifact id: '09b1921fcdbc0ff8c200c564a4b59e23') in 0.045130 seconds 
  Import took 0.048490 seconds .

========================================================================
Received Import Request.
  Time since last request: 9.209794 seconds.
  path: Assets/Steve/Ch_49_body1.mat
  artifactKey: Guid(674c1c7a8f2cc3348b99ba73c313fdaa) Importer(815301076,1909f56bfc062723c751e8b465ee728b)
Start importing Assets/Steve/Ch_49_body1.mat using Guid(674c1c7a8f2cc3348b99ba73c313fdaa) Importer(815301076,1909f56bfc062723c751e8b465ee728b)  -> (artifact id: '81ef06d88ab257d35e64a22b5ccfe191') in 0.013466 seconds 
  Import took 0.016773 seconds .

========================================================================
Received Import Request.
  Time since last request: 0.000301 seconds.
  path: Assets/Steve/Ch_49_body2.mat
  artifactKey: Guid(8580feaa2ca7c464fb106f9be5638f5c) Importer(815301076,1909f56bfc062723c751e8b465ee728b)
Start importing Assets/Steve/Ch_49_body2.mat using Guid(8580feaa2ca7c464fb106f9be5638f5c) Importer(815301076,1909f56bfc062723c751e8b465ee728b)  -> (artifact id: 'fd630f9befffd530b0a9531facb2ffc6') in 0.015548 seconds 
  Import took 0.018552 seconds .

========================================================================
Received Import Request.
  Time since last request: 0.000327 seconds.
  path: Assets/Steve/Ch_49_eyelashes.mat
  artifactKey: Guid(91cf6850dec16984faa5646f2f45985e) Importer(815301076,1909f56bfc062723c751e8b465ee728b)
Start importing Assets/Steve/Ch_49_eyelashes.mat using Guid(91cf6850dec16984faa5646f2f45985e) Importer(815301076,1909f56bfc062723c751e8b465ee728b)  -> (artifact id: '2d40873a49983ea00ade677785890746') in 0.015152 seconds 
  Import took 0.018392 seconds .

========================================================================
Received Import Request.
  Time since last request: 8.774102 seconds.
  path: Assets/Texturas
  artifactKey: Guid(570bc2791bec0e5498c11c20ec3b9cea) Importer(815301076,1909f56bfc062723c751e8b465ee728b)
Start importing Assets/Texturas using Guid(570bc2791bec0e5498c11c20ec3b9cea) Importer(815301076,1909f56bfc062723c751e8b465ee728b)  -> (artifact id: '33a50af9dea5e7c00719d40a4549cf90') in 0.005934 seconds 
  Import took 0.009654 seconds .

========================================================================
Received Import Request.
  Time since last request: 26.215594 seconds.
  path: Assets/Steve/Ch49_nonPBR.fbx
  artifactKey: Guid(f151c399f0b86d2418b753ced85f03e3) Importer(815301076,1909f56bfc062723c751e8b465ee728b)
Start importing Assets/Steve/Ch49_nonPBR.fbx using Guid(f151c399f0b86d2418b753ced85f03e3) Importer(815301076,1909f56bfc062723c751e8b465ee728b)  -> (artifact id: '218e69bb3dedd38c3670d0894364c435') in 0.046150 seconds 
  Import took 0.049911 seconds .

========================================================================
Received Import Request.
  Time since last request: 0.000245 seconds.
  path: Assets/Steve/Ch49_1001_Specular.png
  artifactKey: Guid(5524f897590530d4dac4e626e7c20c87) Importer(815301076,1909f56bfc062723c751e8b465ee728b)
Start importing Assets/Steve/Ch49_1001_Specular.png using Guid(5524f897590530d4dac4e626e7c20c87) Importer(815301076,1909f56bfc062723c751e8b465ee728b)  -> (artifact id: '53b3295adaa4a4375299dad815b703a6') in 0.074966 seconds 
  Import took 0.077292 seconds .

========================================================================
Received Import Request.
  Time since last request: 0.000304 seconds.
  path: Assets/Steve/Ch49_1002_Normal.png
  artifactKey: Guid(5ed984f44735ffb4a8a0a8a45dce2b7b) Importer(815301076,1909f56bfc062723c751e8b465ee728b)
Start importing Assets/Steve/Ch49_1002_Normal.png using Guid(5ed984f44735ffb4a8a0a8a45dce2b7b) Importer(815301076,1909f56bfc062723c751e8b465ee728b)  -> (artifact id: '1dafae9793984718ed49fe98766369d4') in 0.013698 seconds 
  Import took 0.016070 seconds .

========================================================================
Received Import Request.
  Time since last request: 0.000279 seconds.
  path: Assets/Steve/Ch49_1001_Glossiness.png
  artifactKey: Guid(87ebbf71f89b8ab4a81c7216c931b09b) Importer(815301076,1909f56bfc062723c751e8b465ee728b)
Start importing Assets/Steve/Ch49_1001_Glossiness.png using Guid(87ebbf71f89b8ab4a81c7216c931b09b) Importer(815301076,1909f56bfc062723c751e8b465ee728b)  -> (artifact id: '056413d2a5a6e16eeffafd502881f293') in 0.014999 seconds 
  Import took 0.017627 seconds .

========================================================================
Received Import Request.
  Time since last request: 0.000248 seconds.
  path: Assets/Steve/Ch49_1001_Normal.png
  artifactKey: Guid(23621914f70b61445a7ee23460836f44) Importer(815301076,1909f56bfc062723c751e8b465ee728b)
Start importing Assets/Steve/Ch49_1001_Normal.png using Guid(23621914f70b61445a7ee23460836f44) Importer(815301076,1909f56bfc062723c751e8b465ee728b)  -> (artifact id: '9c7f7ee2fab8728d2e6de4b813be99f8') in 0.013834 seconds 
  Import took 0.016990 seconds .

========================================================================
Received Import Request.
  Time since last request: 0.000299 seconds.
  path: Assets/Steve/Ch49_1001_Diffuse.png
  artifactKey: Guid(22b83f25a176e8e4ba52ac38ad24a88e) Importer(815301076,1909f56bfc062723c751e8b465ee728b)
Start importing Assets/Steve/Ch49_1001_Diffuse.png using Guid(22b83f25a176e8e4ba52ac38ad24a88e) Importer(815301076,1909f56bfc062723c751e8b465ee728b)  -> (artifact id: 'a33d731197e46b1dd39003bcd4ff7c31') in 0.020043 seconds 
  Import took 0.023318 seconds .

========================================================================
Received Import Request.
  Time since last request: 0.000318 seconds.
  path: Assets/Steve/Ch49_1002_Diffuse.png
  artifactKey: Guid(7d340d3b23da0e947a95bb6c34c7f42f) Importer(815301076,1909f56bfc062723c751e8b465ee728b)
Start importing Assets/Steve/Ch49_1002_Diffuse.png using Guid(7d340d3b23da0e947a95bb6c34c7f42f) Importer(815301076,1909f56bfc062723c751e8b465ee728b)  -> (artifact id: '3b891a4648daed5d8bbe88024d69f8c4') in 0.015758 seconds 
  Import took 0.018946 seconds .

========================================================================
Received Import Request.
  Time since last request: 0.000247 seconds.
  path: Assets/Steve/Ch49_1002_Glossiness.png
  artifactKey: Guid(6b2622419a86e11459c24e550e4762bc) Importer(815301076,1909f56bfc062723c751e8b465ee728b)
Start importing Assets/Steve/Ch49_1002_Glossiness.png using Guid(6b2622419a86e11459c24e550e4762bc) Importer(815301076,1909f56bfc062723c751e8b465ee728b)  -> (artifact id: '078b470964c192305f8706da7cb25cc8') in 0.012983 seconds 
  Import took 0.015622 seconds .

========================================================================
Received Import Request.
  Time since last request: 0.000277 seconds.
  path: Assets/Steve/Ch49_1002_Specular.png
  artifactKey: Guid(63a5385a4a4910143b01a0bbe8fe5145) Importer(815301076,1909f56bfc062723c751e8b465ee728b)
Start importing Assets/Steve/Ch49_1002_Specular.png using Guid(63a5385a4a4910143b01a0bbe8fe5145) Importer(815301076,1909f56bfc062723c751e8b465ee728b)  -> (artifact id: '06eb0c0de22662184dbe4d97377fa71a') in 0.016599 seconds 
  Import took 0.019331 seconds .

========================================================================
Received Import Request.
  Time since last request: 205.410947 seconds.
  path: Assets/Steve/Ch49_nonPBR.fbx
  artifactKey: Guid(f151c399f0b86d2418b753ced85f03e3) Importer(815301076,1909f56bfc062723c751e8b465ee728b)
Start importing Assets/Steve/Ch49_nonPBR.fbx using Guid(f151c399f0b86d2418b753ced85f03e3) Importer(815301076,1909f56bfc062723c751e8b465ee728b)  -> (artifact id: 'c636dd4a5b9abf5f1baaed2ab1c7375c') in 0.047520 seconds 
  Import took 0.050843 seconds .

========================================================================
Received Import Request.
  Time since last request: 12.792328 seconds.
  path: Assets/Steve/Texturas
  artifactKey: Guid(e91f7ed6501532a4393e72fa842c34b2) Importer(815301076,1909f56bfc062723c751e8b465ee728b)
Start importing Assets/Steve/Texturas using Guid(e91f7ed6501532a4393e72fa842c34b2) Importer(815301076,1909f56bfc062723c751e8b465ee728b)  -> (artifact id: 'd6da5cf3a32bea72b4f5f86d086bcec6') in 0.002384 seconds 
  Import took 0.005720 seconds .

========================================================================
Received Import Request.
  Time since last request: 13.447410 seconds.
  path: Assets/Steve/Materiales
  artifactKey: Guid(bd23bbd179d2b9e4f9c65927a07c7ac5) Importer(815301076,1909f56bfc062723c751e8b465ee728b)
Start importing Assets/Steve/Materiales using Guid(bd23bbd179d2b9e4f9c65927a07c7ac5) Importer(815301076,1909f56bfc062723c751e8b465ee728b)  -> (artifact id: '9e99b057155f1d0c2f2f37c04c2bbcc0') in 0.006787 seconds 
  Import took 0.009877 seconds .

========================================================================
Received Prepare
Registering precompiled user dll's ...
Registered in 0.002828 seconds.
Begin MonoManager ReloadAssembly
Native extension for WindowsStandalone target not found
Native extension for WebGL target not found
Refreshing native plugins compatible for Editor in 0.37 ms, found 2 plugins.
Preloading 0 native plugins for Editor in 0.00 ms.
Mono: successfully reloaded assembly
- Completed reload, in  0.754 seconds
Domain Reload Profiling:
	ReloadAssembly (754ms)
		BeginReloadAssembly (99ms)
			ExecutionOrderSort (0ms)
			DisableScriptedObjects (3ms)
			BackupInstance (0ms)
			ReleaseScriptingObjects (0ms)
			CreateAndSetChildDomain (29ms)
		EndReloadAssembly (607ms)
			LoadAssemblies (66ms)
			RebuildTransferFunctionScriptingTraits (0ms)
			SetupTypeCache (225ms)
			ReleaseScriptCaches (1ms)
			RebuildScriptCaches (32ms)
			SetupLoadedEditorAssemblies (209ms)
				LogAssemblyErrors (0ms)
				InitializePlatformSupportModulesInManaged (4ms)
				SetLoadedEditorAssemblies (0ms)
				RefreshPlugins (0ms)
				BeforeProcessingInitializeOnLoad (39ms)
				ProcessInitializeOnLoadAttributes (155ms)
				ProcessInitializeOnLoadMethodAttributes (7ms)
				AfterProcessingInitializeOnLoad (3ms)
				EditorAssembliesLoaded (0ms)
			ExecutionOrderSort2 (0ms)
			AwakeInstancesAfterBackupRestoration (5ms)
Platform modules already initialized, skipping
Refreshing native plugins compatible for Editor in 0.36 ms, found 2 plugins.
Preloading 0 native plugins for Editor in 0.00 ms.
Unloading 1497 Unused Serialized files (Serialized files now loaded: 0)
System memory in use before: 84.9 MB.
System memory in use after: 85.0 MB.

Unloading 14 unused Assets to reduce memory usage. Loaded Objects now: 1983.
Total: 2.937200 ms (FindLiveObjects: 0.152500 ms CreateObjectMapping: 0.033200 ms MarkObjects: 2.734100 ms  DeleteObjects: 0.016200 ms)

AssetImportParameters requested are different than current active one (requested -> active):
  custom:framework-win-MediaFoundation: 216162199b28c13a410421893ffa2e32 -> 
  custom:video-decoder-ogg-theora: a1e56fd34408186e4bbccfd4996cb3dc -> 
  custom:container-muxer-webm: aa71ff27fc2769a1b78a27578f13a17b -> 
  custom:container-demuxer-webm: 4f35f7cbe854078d1ac9338744f61a02 -> 
  custom:container-demuxer-ogg: 62fdf1f143b41e24485cea50d1cbac27 -> 
  custom:video-encoder-webm-vp8: eb34c28f22e8b96e1ab97ce403110664 -> 
  custom:video-decoder-webm-vp8: 9c59270c3fd7afecdb556c50c9e8de78 -> 
  custom:audio-decoder-ogg-vorbis: bf7c407c2cedff20999df2af8eb42d56 -> 
  custom:audio-encoder-webm-vorbis: bf7c407c2cedff20999df2af8eb42d56 -> 
========================================================================
Received Import Request.
  Time since last request: 68.654269 seconds.
  path: Assets/Steve/Ch49_nonPBR.fbx
  artifactKey: Guid(f151c399f0b86d2418b753ced85f03e3) Importer(815301076,1909f56bfc062723c751e8b465ee728b)
Start importing Assets/Steve/Ch49_nonPBR.fbx using Guid(f151c399f0b86d2418b753ced85f03e3) Importer(815301076,1909f56bfc062723c751e8b465ee728b)  -> (artifact id: 'e2fe15e9f157521473fa57c54a293a0f') in 0.091587 seconds 
  Import took 0.098341 seconds .

========================================================================
Received Import Request.
  Time since last request: 11.203347 seconds.
  path: Assets/Steve/Ch49_nonPBR.fbx
  artifactKey: Guid(f151c399f0b86d2418b753ced85f03e3) Importer(815301076,1909f56bfc062723c751e8b465ee728b)
Start importing Assets/Steve/Ch49_nonPBR.fbx using Guid(f151c399f0b86d2418b753ced85f03e3) Importer(815301076,1909f56bfc062723c751e8b465ee728b)  -> (artifact id: '066ca8ec277e7d648fcaa2655194abcd') in 0.043244 seconds 
  Import took 0.046469 seconds .

========================================================================
Received Import Request.
  Time since last request: 55.549796 seconds.
  path: Assets/Steve/Texturas/Ch49_1001_Diffuse.png
  artifactKey: Guid(7c32f27b782815a43b79507a76b7c12b) Importer(815301076,1909f56bfc062723c751e8b465ee728b)
Start importing Assets/Steve/Texturas/Ch49_1001_Diffuse.png using Guid(7c32f27b782815a43b79507a76b7c12b) Importer(815301076,1909f56bfc062723c751e8b465ee728b)  -> (artifact id: '4bf1ecc5cc001b90c155de2858db5a8d') in 0.024540 seconds 
  Import took 0.027167 seconds .

========================================================================
Received Import Request.
  Time since last request: 0.000301 seconds.
  path: Assets/Steve/Texturas/Ch49_1002_Specular.png
  artifactKey: Guid(45e432e6d8a7c7e4d824c76951aaba46) Importer(815301076,1909f56bfc062723c751e8b465ee728b)
Start importing Assets/Steve/Texturas/Ch49_1002_Specular.png using Guid(45e432e6d8a7c7e4d824c76951aaba46) Importer(815301076,1909f56bfc062723c751e8b465ee728b)  -> (artifact id: 'd331357bd922b0fbe64ccc22c4d27b4d') in 0.008216 seconds 
  Import took 0.011086 seconds .

========================================================================
Received Import Request.
  Time since last request: 0.000235 seconds.
  path: Assets/Steve/Texturas/Ch49_1002_Glossiness.png
  artifactKey: Guid(434b8d2db15b66641819d8f1db5288b6) Importer(815301076,1909f56bfc062723c751e8b465ee728b)
Start importing Assets/Steve/Texturas/Ch49_1002_Glossiness.png using Guid(434b8d2db15b66641819d8f1db5288b6) Importer(815301076,1909f56bfc062723c751e8b465ee728b)  -> (artifact id: '19aece807d87ee40f3fe88808d0e316c') in 0.013192 seconds 
  Import took 0.016047 seconds .

========================================================================
Received Import Request.
  Time since last request: 0.000236 seconds.
  path: Assets/Steve/Texturas/Ch49_1001_Normal.png
  artifactKey: Guid(c7ef0fed64af3904dac43642d4acb30a) Importer(815301076,1909f56bfc062723c751e8b465ee728b)
Start importing Assets/Steve/Texturas/Ch49_1001_Normal.png using Guid(c7ef0fed64af3904dac43642d4acb30a) Importer(815301076,1909f56bfc062723c751e8b465ee728b)  -> (artifact id: 'e4e3a64a4a1229f4645b05437b1c984f') in 0.014029 seconds 
  Import took 0.016746 seconds .

========================================================================
Received Import Request.
  Time since last request: 0.000362 seconds.
  path: Assets/Steve/Texturas/Ch49_1002_Diffuse.png
  artifactKey: Guid(3d14ee1d16c56bf44abf31177978c112) Importer(815301076,1909f56bfc062723c751e8b465ee728b)
Start importing Assets/Steve/Texturas/Ch49_1002_Diffuse.png using Guid(3d14ee1d16c56bf44abf31177978c112) Importer(815301076,1909f56bfc062723c751e8b465ee728b)  -> (artifact id: '597902f330e43701105df1101e5b5adc') in 0.017548 seconds 
  Import took 0.020187 seconds .

========================================================================
Received Import Request.
  Time since last request: 0.000271 seconds.
  path: Assets/Steve/Texturas/Ch49_1001_Glossiness.png
  artifactKey: Guid(cabfbc0ca0dc4b9419644d6b9ef0e01c) Importer(815301076,1909f56bfc062723c751e8b465ee728b)
Start importing Assets/Steve/Texturas/Ch49_1001_Glossiness.png using Guid(cabfbc0ca0dc4b9419644d6b9ef0e01c) Importer(815301076,1909f56bfc062723c751e8b465ee728b)  -> (artifact id: 'b3b0293005b9ef73263d9de1d4ba87d8') in 0.015347 seconds 
  Import took 0.017646 seconds .

========================================================================
Received Import Request.
  Time since last request: 0.000246 seconds.
  path: Assets/Steve/Texturas/Ch49_1001_Specular.png
  artifactKey: Guid(62d608ed6df07b2488c45e09a5b958b0) Importer(815301076,1909f56bfc062723c751e8b465ee728b)
Start importing Assets/Steve/Texturas/Ch49_1001_Specular.png using Guid(62d608ed6df07b2488c45e09a5b958b0) Importer(815301076,1909f56bfc062723c751e8b465ee728b)  -> (artifact id: 'e48768c817f40f1dc910bc68e5a8e47c') in 0.011813 seconds 
  Import took 0.014830 seconds .

========================================================================
Received Import Request.
  Time since last request: 0.000318 seconds.
  path: Assets/Steve/Texturas/Ch49_1002_Normal.png
  artifactKey: Guid(71d482a681b465e429077d3d24e70846) Importer(815301076,1909f56bfc062723c751e8b465ee728b)
Start importing Assets/Steve/Texturas/Ch49_1002_Normal.png using Guid(71d482a681b465e429077d3d24e70846) Importer(815301076,1909f56bfc062723c751e8b465ee728b)  -> (artifact id: 'dac3efb5073004d0278b4fd3b8c55a95') in 0.013712 seconds 
  Import took 0.016755 seconds .

========================================================================
Received Import Request.
  Time since last request: 23.041080 seconds.
  path: Assets/Steve/Slim Shooter Pack (1).zip
  artifactKey: Guid(7e6d500b43ccbfe438cb7913971242bd) Importer(815301076,1909f56bfc062723c751e8b465ee728b)
Start importing Assets/Steve/Slim Shooter Pack (1).zip using Guid(7e6d500b43ccbfe438cb7913971242bd) Importer(815301076,1909f56bfc062723c751e8b465ee728b)  -> (artifact id: 'd2887948eef2c0f36ae74f87c4bd5876') in 0.010963 seconds 
  Import took 0.014036 seconds .

========================================================================
Received Import Request.
  Time since last request: 150.147082 seconds.
  path: Assets/Steve/Ch49_nonPBR@Defeated.fbx
  artifactKey: Guid(3f925e250ae76ca418e8838c0ac2ee82) Importer(815301076,1909f56bfc062723c751e8b465ee728b)
Start importing Assets/Steve/Ch49_nonPBR@Defeated.fbx using Guid(3f925e250ae76ca418e8838c0ac2ee82) Importer(815301076,1909f56bfc062723c751e8b465ee728b)  -> (artifact id: 'e3834054ef19d11fd347926747d8ce9b') in 0.079438 seconds 
  Import took 0.082898 seconds .

========================================================================
Received Import Request.
  Time since last request: 7.844865 seconds.
  path: Assets/Steve/Ch49_nonPBR@Defeated.fbx
  artifactKey: Guid(3f925e250ae76ca418e8838c0ac2ee82) Importer(815301076,1909f56bfc062723c751e8b465ee728b)
Start importing Assets/Steve/Ch49_nonPBR@Defeated.fbx using Guid(3f925e250ae76ca418e8838c0ac2ee82) Importer(815301076,1909f56bfc062723c751e8b465ee728b)  -> (artifact id: '54867bf61b65d55f5345597379e22d55') in 0.072365 seconds 
  Import took 0.075829 seconds .

========================================================================
Received Import Request.
  Time since last request: 8.191985 seconds.
  path: Assets/Steve/Ch49_nonPBR@Defeated.fbx
  artifactKey: Guid(3f925e250ae76ca418e8838c0ac2ee82) Importer(815301076,1909f56bfc062723c751e8b465ee728b)
Start importing Assets/Steve/Ch49_nonPBR@Defeated.fbx using Guid(3f925e250ae76ca418e8838c0ac2ee82) Importer(815301076,1909f56bfc062723c751e8b465ee728b)  -> (artifact id: '46b5f1c67f8c67f5cd7a81b354d803e3') in 0.069595 seconds 
  Import took 0.074212 seconds .

========================================================================
Received Import Request.
  Time since last request: 11.851777 seconds.
  path: Assets/Steve/Ch49_nonPBR@Defeated.fbx
  artifactKey: Guid(3f925e250ae76ca418e8838c0ac2ee82) Importer(815301076,1909f56bfc062723c751e8b465ee728b)
Start importing Assets/Steve/Ch49_nonPBR@Defeated.fbx using Guid(3f925e250ae76ca418e8838c0ac2ee82) Importer(815301076,1909f56bfc062723c751e8b465ee728b)  -> (artifact id: 'c4cae12e9abbd0b436eff5af0572eaf6') in 0.085260 seconds 
  Import took 0.089410 seconds .

========================================================================
Received Import Request.
  Time since last request: 11.512376 seconds.
  path: Assets/Steve/Ch49_nonPBR@Defeated.fbx
  artifactKey: Guid(3f925e250ae76ca418e8838c0ac2ee82) Importer(815301076,1909f56bfc062723c751e8b465ee728b)
Start importing Assets/Steve/Ch49_nonPBR@Defeated.fbx using Guid(3f925e250ae76ca418e8838c0ac2ee82) Importer(815301076,1909f56bfc062723c751e8b465ee728b)  -> (artifact id: '1355aca10b57c30f2f3b59002f33ae06') in 0.054941 seconds 
  Import took 0.059911 seconds .

========================================================================
Received Prepare
Registering precompiled user dll's ...
Registered in 0.002599 seconds.
Begin MonoManager ReloadAssembly
Native extension for WindowsStandalone target not found
Native extension for WebGL target not found
Refreshing native plugins compatible for Editor in 0.38 ms, found 2 plugins.
Preloading 0 native plugins for Editor in 0.00 ms.
Mono: successfully reloaded assembly
- Completed reload, in  0.739 seconds
Domain Reload Profiling:
	ReloadAssembly (740ms)
		BeginReloadAssembly (91ms)
			ExecutionOrderSort (0ms)
			DisableScriptedObjects (3ms)
			BackupInstance (0ms)
			ReleaseScriptingObjects (0ms)
			CreateAndSetChildDomain (30ms)
		EndReloadAssembly (601ms)
			LoadAssemblies (66ms)
			RebuildTransferFunctionScriptingTraits (0ms)
			SetupTypeCache (220ms)
			ReleaseScriptCaches (1ms)
			RebuildScriptCaches (32ms)
			SetupLoadedEditorAssemblies (208ms)
				LogAssemblyErrors (0ms)
				InitializePlatformSupportModulesInManaged (4ms)
				SetLoadedEditorAssemblies (0ms)
				RefreshPlugins (0ms)
				BeforeProcessingInitializeOnLoad (38ms)
				ProcessInitializeOnLoadAttributes (155ms)
				ProcessInitializeOnLoadMethodAttributes (7ms)
				AfterProcessingInitializeOnLoad (3ms)
				EditorAssembliesLoaded (0ms)
			ExecutionOrderSort2 (0ms)
			AwakeInstancesAfterBackupRestoration (5ms)
Platform modules already initialized, skipping
Refreshing native plugins compatible for Editor in 0.36 ms, found 2 plugins.
Preloading 0 native plugins for Editor in 0.00 ms.
Unloading 1497 Unused Serialized files (Serialized files now loaded: 0)
System memory in use before: 85.0 MB.
System memory in use after: 85.2 MB.

Unloading 14 unused Assets to reduce memory usage. Loaded Objects now: 1986.
Total: 3.706400 ms (FindLiveObjects: 0.255200 ms CreateObjectMapping: 0.089300 ms MarkObjects: 3.342700 ms  DeleteObjects: 0.017700 ms)

AssetImportParameters requested are different than current active one (requested -> active):
  custom:framework-win-MediaFoundation: 216162199b28c13a410421893ffa2e32 -> 
  custom:video-decoder-ogg-theora: a1e56fd34408186e4bbccfd4996cb3dc -> 
  custom:container-muxer-webm: aa71ff27fc2769a1b78a27578f13a17b -> 
  custom:container-demuxer-webm: 4f35f7cbe854078d1ac9338744f61a02 -> 
  custom:container-demuxer-ogg: 62fdf1f143b41e24485cea50d1cbac27 -> 
  custom:video-encoder-webm-vp8: eb34c28f22e8b96e1ab97ce403110664 -> 
  custom:video-decoder-webm-vp8: 9c59270c3fd7afecdb556c50c9e8de78 -> 
  custom:audio-decoder-ogg-vorbis: bf7c407c2cedff20999df2af8eb42d56 -> 
  custom:audio-encoder-webm-vorbis: bf7c407c2cedff20999df2af8eb42d56 -> 
========================================================================
Received Prepare
Registering precompiled user dll's ...
Registered in 0.002603 seconds.
Begin MonoManager ReloadAssembly
Native extension for WindowsStandalone target not found
Native extension for WebGL target not found
Refreshing native plugins compatible for Editor in 0.37 ms, found 2 plugins.
Preloading 0 native plugins for Editor in 0.00 ms.
Mono: successfully reloaded assembly
- Completed reload, in  0.760 seconds
Domain Reload Profiling:
	ReloadAssembly (761ms)
		BeginReloadAssembly (99ms)
			ExecutionOrderSort (0ms)
			DisableScriptedObjects (3ms)
			BackupInstance (0ms)
			ReleaseScriptingObjects (0ms)
			CreateAndSetChildDomain (27ms)
		EndReloadAssembly (612ms)
			LoadAssemblies (66ms)
			RebuildTransferFunctionScriptingTraits (0ms)
			SetupTypeCache (227ms)
			ReleaseScriptCaches (1ms)
			RebuildScriptCaches (32ms)
			SetupLoadedEditorAssemblies (210ms)
				LogAssemblyErrors (0ms)
				InitializePlatformSupportModulesInManaged (4ms)
				SetLoadedEditorAssemblies (0ms)
				RefreshPlugins (0ms)
				BeforeProcessingInitializeOnLoad (39ms)
				ProcessInitializeOnLoadAttributes (156ms)
				ProcessInitializeOnLoadMethodAttributes (7ms)
				AfterProcessingInitializeOnLoad (3ms)
				EditorAssembliesLoaded (0ms)
			ExecutionOrderSort2 (0ms)
			AwakeInstancesAfterBackupRestoration (5ms)
Platform modules already initialized, skipping
Refreshing native plugins compatible for Editor in 0.37 ms, found 2 plugins.
Preloading 0 native plugins for Editor in 0.00 ms.
Unloading 1498 Unused Serialized files (Serialized files now loaded: 0)
System memory in use before: 85.1 MB.
System memory in use after: 85.2 MB.

Unloading 14 unused Assets to reduce memory usage. Loaded Objects now: 1989.
Total: 3.056200 ms (FindLiveObjects: 0.200000 ms CreateObjectMapping: 0.061700 ms MarkObjects: 2.776400 ms  DeleteObjects: 0.016500 ms)

AssetImportParameters requested are different than current active one (requested -> active):
  custom:framework-win-MediaFoundation: 216162199b28c13a410421893ffa2e32 -> 
  custom:video-decoder-ogg-theora: a1e56fd34408186e4bbccfd4996cb3dc -> 
  custom:container-muxer-webm: aa71ff27fc2769a1b78a27578f13a17b -> 
  custom:container-demuxer-webm: 4f35f7cbe854078d1ac9338744f61a02 -> 
  custom:container-demuxer-ogg: 62fdf1f143b41e24485cea50d1cbac27 -> 
  custom:video-encoder-webm-vp8: eb34c28f22e8b96e1ab97ce403110664 -> 
  custom:video-decoder-webm-vp8: 9c59270c3fd7afecdb556c50c9e8de78 -> 
  custom:audio-decoder-ogg-vorbis: bf7c407c2cedff20999df2af8eb42d56 -> 
  custom:audio-encoder-webm-vorbis: bf7c407c2cedff20999df2af8eb42d56 -> 
========================================================================
Received Prepare
Registering precompiled user dll's ...
Registered in 0.002599 seconds.
Begin MonoManager ReloadAssembly
Native extension for WindowsStandalone target not found
Native extension for WebGL target not found
Refreshing native plugins compatible for Editor in 0.37 ms, found 2 plugins.
Preloading 0 native plugins for Editor in 0.00 ms.
Mono: successfully reloaded assembly
- Completed reload, in  0.753 seconds
Domain Reload Profiling:
	ReloadAssembly (753ms)
		BeginReloadAssembly (97ms)
			ExecutionOrderSort (0ms)
			DisableScriptedObjects (4ms)
			BackupInstance (0ms)
			ReleaseScriptingObjects (0ms)
			CreateAndSetChildDomain (29ms)
		EndReloadAssembly (608ms)
			LoadAssemblies (68ms)
			RebuildTransferFunctionScriptingTraits (0ms)
			SetupTypeCache (223ms)
			ReleaseScriptCaches (1ms)
			RebuildScriptCaches (32ms)
			SetupLoadedEditorAssemblies (209ms)
				LogAssemblyErrors (0ms)
				InitializePlatformSupportModulesInManaged (4ms)
				SetLoadedEditorAssemblies (0ms)
				RefreshPlugins (0ms)
				BeforeProcessingInitializeOnLoad (39ms)
				ProcessInitializeOnLoadAttributes (155ms)
				ProcessInitializeOnLoadMethodAttributes (7ms)
				AfterProcessingInitializeOnLoad (3ms)
				EditorAssembliesLoaded (0ms)
			ExecutionOrderSort2 (0ms)
			AwakeInstancesAfterBackupRestoration (5ms)
Platform modules already initialized, skipping
Refreshing native plugins compatible for Editor in 0.37 ms, found 2 plugins.
Preloading 0 native plugins for Editor in 0.00 ms.
Unloading 1498 Unused Serialized files (Serialized files now loaded: 0)
System memory in use before: 85.1 MB.
System memory in use after: 85.2 MB.

Unloading 14 unused Assets to reduce memory usage. Loaded Objects now: 1991.
Total: 3.035000 ms (FindLiveObjects: 0.196800 ms CreateObjectMapping: 0.066100 ms MarkObjects: 2.753800 ms  DeleteObjects: 0.017000 ms)

AssetImportParameters requested are different than current active one (requested -> active):
  custom:framework-win-MediaFoundation: 216162199b28c13a410421893ffa2e32 -> 
  custom:video-decoder-ogg-theora: a1e56fd34408186e4bbccfd4996cb3dc -> 
  custom:container-muxer-webm: aa71ff27fc2769a1b78a27578f13a17b -> 
  custom:container-demuxer-webm: 4f35f7cbe854078d1ac9338744f61a02 -> 
  custom:container-demuxer-ogg: 62fdf1f143b41e24485cea50d1cbac27 -> 
  custom:video-encoder-webm-vp8: eb34c28f22e8b96e1ab97ce403110664 -> 
  custom:video-decoder-webm-vp8: 9c59270c3fd7afecdb556c50c9e8de78 -> 
  custom:audio-decoder-ogg-vorbis: bf7c407c2cedff20999df2af8eb42d56 -> 
  custom:audio-encoder-webm-vorbis: bf7c407c2cedff20999df2af8eb42d56 -> 
========================================================================
Received Prepare
Registering precompiled user dll's ...
Registered in 0.002919 seconds.
Begin MonoManager ReloadAssembly
Native extension for WindowsStandalone target not found
Native extension for WebGL target not found
Refreshing native plugins compatible for Editor in 0.37 ms, found 2 plugins.
Preloading 0 native plugins for Editor in 0.00 ms.
Mono: successfully reloaded assembly
- Completed reload, in  0.780 seconds
Domain Reload Profiling:
	ReloadAssembly (780ms)
		BeginReloadAssembly (86ms)
			ExecutionOrderSort (0ms)
			DisableScriptedObjects (3ms)
			BackupInstance (0ms)
			ReleaseScriptingObjects (0ms)
			CreateAndSetChildDomain (27ms)
		EndReloadAssembly (646ms)
			LoadAssemblies (67ms)
			RebuildTransferFunctionScriptingTraits (0ms)
			SetupTypeCache (227ms)
			ReleaseScriptCaches (1ms)
			RebuildScriptCaches (34ms)
			SetupLoadedEditorAssemblies (234ms)
				LogAssemblyErrors (0ms)
				InitializePlatformSupportModulesInManaged (5ms)
				SetLoadedEditorAssemblies (0ms)
				RefreshPlugins (0ms)
				BeforeProcessingInitializeOnLoad (43ms)
				ProcessInitializeOnLoadAttributes (176ms)
				ProcessInitializeOnLoadMethodAttributes (7ms)
				AfterProcessingInitializeOnLoad (3ms)
				EditorAssembliesLoaded (0ms)
			ExecutionOrderSort2 (0ms)
			AwakeInstancesAfterBackupRestoration (6ms)
Platform modules already initialized, skipping
Refreshing native plugins compatible for Editor in 0.37 ms, found 2 plugins.
Preloading 0 native plugins for Editor in 0.00 ms.
Unloading 1498 Unused Serialized files (Serialized files now loaded: 0)
System memory in use before: 85.1 MB.
System memory in use after: 85.2 MB.

Unloading 14 unused Assets to reduce memory usage. Loaded Objects now: 1993.
Total: 3.129400 ms (FindLiveObjects: 0.208000 ms CreateObjectMapping: 0.063500 ms MarkObjects: 2.840000 ms  DeleteObjects: 0.016600 ms)

AssetImportParameters requested are different than current active one (requested -> active):
  custom:framework-win-MediaFoundation: 216162199b28c13a410421893ffa2e32 -> 
  custom:video-decoder-ogg-theora: a1e56fd34408186e4bbccfd4996cb3dc -> 
  custom:container-muxer-webm: aa71ff27fc2769a1b78a27578f13a17b -> 
  custom:container-demuxer-webm: 4f35f7cbe854078d1ac9338744f61a02 -> 
  custom:container-demuxer-ogg: 62fdf1f143b41e24485cea50d1cbac27 -> 
  custom:video-encoder-webm-vp8: eb34c28f22e8b96e1ab97ce403110664 -> 
  custom:video-decoder-webm-vp8: 9c59270c3fd7afecdb556c50c9e8de78 -> 
  custom:audio-decoder-ogg-vorbis: bf7c407c2cedff20999df2af8eb42d56 -> 
  custom:audio-encoder-webm-vorbis: bf7c407c2cedff20999df2af8eb42d56 -> 
========================================================================
Received Prepare
Registering precompiled user dll's ...
Registered in 0.002633 seconds.
Begin MonoManager ReloadAssembly
Native extension for WindowsStandalone target not found
Native extension for WebGL target not found
Refreshing native plugins compatible for Editor in 0.82 ms, found 2 plugins.
Preloading 0 native plugins for Editor in 0.00 ms.
Mono: successfully reloaded assembly
- Completed reload, in  0.869 seconds
Domain Reload Profiling:
	ReloadAssembly (869ms)
		BeginReloadAssembly (96ms)
			ExecutionOrderSort (0ms)
			DisableScriptedObjects (4ms)
			BackupInstance (0ms)
			ReleaseScriptingObjects (0ms)
			CreateAndSetChildDomain (28ms)
		EndReloadAssembly (723ms)
			LoadAssemblies (68ms)
			RebuildTransferFunctionScriptingTraits (0ms)
			SetupTypeCache (252ms)
			ReleaseScriptCaches (1ms)
			RebuildScriptCaches (39ms)
			SetupLoadedEditorAssemblies (270ms)
				LogAssemblyErrors (0ms)
				InitializePlatformSupportModulesInManaged (6ms)
				SetLoadedEditorAssemblies (1ms)
				RefreshPlugins (1ms)
				BeforeProcessingInitializeOnLoad (53ms)
				ProcessInitializeOnLoadAttributes (197ms)
				ProcessInitializeOnLoadMethodAttributes (10ms)
				AfterProcessingInitializeOnLoad (3ms)
				EditorAssembliesLoaded (0ms)
			ExecutionOrderSort2 (0ms)
			AwakeInstancesAfterBackupRestoration (7ms)
Platform modules already initialized, skipping
Refreshing native plugins compatible for Editor in 0.81 ms, found 2 plugins.
Preloading 0 native plugins for Editor in 0.00 ms.
Unloading 1498 Unused Serialized files (Serialized files now loaded: 0)
System memory in use before: 85.1 MB.
System memory in use after: 85.2 MB.

Unloading 14 unused Assets to reduce memory usage. Loaded Objects now: 1995.
Total: 4.695600 ms (FindLiveObjects: 0.364300 ms CreateObjectMapping: 0.110800 ms MarkObjects: 4.189000 ms  DeleteObjects: 0.028900 ms)

AssetImportParameters requested are different than current active one (requested -> active):
  custom:framework-win-MediaFoundation: 216162199b28c13a410421893ffa2e32 -> 
  custom:video-decoder-ogg-theora: a1e56fd34408186e4bbccfd4996cb3dc -> 
  custom:container-muxer-webm: aa71ff27fc2769a1b78a27578f13a17b -> 
  custom:container-demuxer-webm: 4f35f7cbe854078d1ac9338744f61a02 -> 
  custom:container-demuxer-ogg: 62fdf1f143b41e24485cea50d1cbac27 -> 
  custom:video-encoder-webm-vp8: eb34c28f22e8b96e1ab97ce403110664 -> 
  custom:video-decoder-webm-vp8: 9c59270c3fd7afecdb556c50c9e8de78 -> 
  custom:audio-decoder-ogg-vorbis: bf7c407c2cedff20999df2af8eb42d56 -> 
  custom:audio-encoder-webm-vorbis: bf7c407c2cedff20999df2af8eb42d56 -> 
========================================================================
Received Import Request.
  Time since last request: 652.392590 seconds.
  path: Assets/Steve/Ch49_nonPBR@Defeated.fbx
  artifactKey: Guid(3f925e250ae76ca418e8838c0ac2ee82) Importer(815301076,1909f56bfc062723c751e8b465ee728b)
Start importing Assets/Steve/Ch49_nonPBR@Defeated.fbx using Guid(3f925e250ae76ca418e8838c0ac2ee82) Importer(815301076,1909f56bfc062723c751e8b465ee728b)  -> (artifact id: '14b20c466570d00064ecc4712b6e91e7') in 0.170514 seconds 
  Import took 0.176758 seconds .

========================================================================
Received Prepare
Registering precompiled user dll's ...
Registered in 0.002675 seconds.
Begin MonoManager ReloadAssembly
Native extension for WindowsStandalone target not found
Native extension for WebGL target not found
Refreshing native plugins compatible for Editor in 0.82 ms, found 2 plugins.
Preloading 0 native plugins for Editor in 0.00 ms.
Mono: successfully reloaded assembly
- Completed reload, in  0.869 seconds
Domain Reload Profiling:
	ReloadAssembly (869ms)
		BeginReloadAssembly (95ms)
			ExecutionOrderSort (0ms)
			DisableScriptedObjects (3ms)
			BackupInstance (0ms)
			ReleaseScriptingObjects (0ms)
			CreateAndSetChildDomain (28ms)
		EndReloadAssembly (724ms)
			LoadAssemblies (66ms)
			RebuildTransferFunctionScriptingTraits (0ms)
			SetupTypeCache (253ms)
			ReleaseScriptCaches (2ms)
			RebuildScriptCaches (39ms)
			SetupLoadedEditorAssemblies (270ms)
				LogAssemblyErrors (0ms)
				InitializePlatformSupportModulesInManaged (5ms)
				SetLoadedEditorAssemblies (0ms)
				RefreshPlugins (1ms)
				BeforeProcessingInitializeOnLoad (50ms)
				ProcessInitializeOnLoadAttributes (200ms)
				ProcessInitializeOnLoadMethodAttributes (9ms)
				AfterProcessingInitializeOnLoad (3ms)
				EditorAssembliesLoaded (0ms)
			ExecutionOrderSort2 (0ms)
			AwakeInstancesAfterBackupRestoration (7ms)
Platform modules already initialized, skipping
Refreshing native plugins compatible for Editor in 0.70 ms, found 2 plugins.
Preloading 0 native plugins for Editor in 0.00 ms.
Unloading 1498 Unused Serialized files (Serialized files now loaded: 0)
System memory in use before: 85.1 MB.
System memory in use after: 85.2 MB.

Unloading 14 unused Assets to reduce memory usage. Loaded Objects now: 1998.
Total: 4.539500 ms (FindLiveObjects: 0.416900 ms CreateObjectMapping: 0.096800 ms MarkObjects: 3.999300 ms  DeleteObjects: 0.024300 ms)

AssetImportParameters requested are different than current active one (requested -> active):
  custom:framework-win-MediaFoundation: 216162199b28c13a410421893ffa2e32 -> 
  custom:video-decoder-ogg-theora: a1e56fd34408186e4bbccfd4996cb3dc -> 
  custom:container-muxer-webm: aa71ff27fc2769a1b78a27578f13a17b -> 
  custom:container-demuxer-webm: 4f35f7cbe854078d1ac9338744f61a02 -> 
  custom:container-demuxer-ogg: 62fdf1f143b41e24485cea50d1cbac27 -> 
  custom:video-encoder-webm-vp8: eb34c28f22e8b96e1ab97ce403110664 -> 
  custom:video-decoder-webm-vp8: 9c59270c3fd7afecdb556c50c9e8de78 -> 
  custom:audio-decoder-ogg-vorbis: bf7c407c2cedff20999df2af8eb42d56 -> 
  custom:audio-encoder-webm-vorbis: bf7c407c2cedff20999df2af8eb42d56 -> 
========================================================================
Received Import Request.
  Time since last request: 22.041277 seconds.
  path: Assets/Steve/Ch49_nonPBR@Defeated.fbx
  artifactKey: Guid(3f925e250ae76ca418e8838c0ac2ee82) Importer(815301076,1909f56bfc062723c751e8b465ee728b)
Start importing Assets/Steve/Ch49_nonPBR@Defeated.fbx using Guid(3f925e250ae76ca418e8838c0ac2ee82) Importer(815301076,1909f56bfc062723c751e8b465ee728b)  -> (artifact id: '0e7682f384a767ac072fd091c9b8aab8') in 0.175795 seconds 
  Import took 0.181711 seconds .

========================================================================
Received Prepare
Registering precompiled user dll's ...
Registered in 0.002639 seconds.
Begin MonoManager ReloadAssembly
Native extension for WindowsStandalone target not found
Native extension for WebGL target not found
Refreshing native plugins compatible for Editor in 0.76 ms, found 2 plugins.
Preloading 0 native plugins for Editor in 0.00 ms.
Mono: successfully reloaded assembly
- Completed reload, in  0.863 seconds
Domain Reload Profiling:
	ReloadAssembly (864ms)
		BeginReloadAssembly (88ms)
			ExecutionOrderSort (0ms)
			DisableScriptedObjects (3ms)
			BackupInstance (0ms)
			ReleaseScriptingObjects (0ms)
			CreateAndSetChildDomain (28ms)
		EndReloadAssembly (726ms)
			LoadAssemblies (68ms)
			RebuildTransferFunctionScriptingTraits (0ms)
			SetupTypeCache (253ms)
			ReleaseScriptCaches (1ms)
			RebuildScriptCaches (40ms)
			SetupLoadedEditorAssemblies (271ms)
				LogAssemblyErrors (0ms)
				InitializePlatformSupportModulesInManaged (5ms)
				SetLoadedEditorAssemblies (1ms)
				RefreshPlugins (1ms)
				BeforeProcessingInitializeOnLoad (50ms)
				ProcessInitializeOnLoadAttributes (202ms)
				ProcessInitializeOnLoadMethodAttributes (9ms)
				AfterProcessingInitializeOnLoad (3ms)
				EditorAssembliesLoaded (0ms)
			ExecutionOrderSort2 (0ms)
			AwakeInstancesAfterBackupRestoration (7ms)
Platform modules already initialized, skipping
Refreshing native plugins compatible for Editor in 0.73 ms, found 2 plugins.
Preloading 0 native plugins for Editor in 0.00 ms.
Unloading 1498 Unused Serialized files (Serialized files now loaded: 0)
System memory in use before: 85.1 MB.
System memory in use after: 85.2 MB.

Unloading 14 unused Assets to reduce memory usage. Loaded Objects now: 2001.
Total: 4.750000 ms (FindLiveObjects: 0.218800 ms CreateObjectMapping: 0.069800 ms MarkObjects: 4.428100 ms  DeleteObjects: 0.031600 ms)

AssetImportParameters requested are different than current active one (requested -> active):
  custom:framework-win-MediaFoundation: 216162199b28c13a410421893ffa2e32 -> 
  custom:video-decoder-ogg-theora: a1e56fd34408186e4bbccfd4996cb3dc -> 
  custom:container-muxer-webm: aa71ff27fc2769a1b78a27578f13a17b -> 
  custom:container-demuxer-webm: 4f35f7cbe854078d1ac9338744f61a02 -> 
  custom:container-demuxer-ogg: 62fdf1f143b41e24485cea50d1cbac27 -> 
  custom:video-encoder-webm-vp8: eb34c28f22e8b96e1ab97ce403110664 -> 
  custom:video-decoder-webm-vp8: 9c59270c3fd7afecdb556c50c9e8de78 -> 
  custom:audio-decoder-ogg-vorbis: bf7c407c2cedff20999df2af8eb42d56 -> 
  custom:audio-encoder-webm-vorbis: bf7c407c2cedff20999df2af8eb42d56 -> 
========================================================================
Received Import Request.
  Time since last request: 35.635908 seconds.
  path: Assets/Steve/Ch49_nonPBR@Defeated.fbx
  artifactKey: Guid(3f925e250ae76ca418e8838c0ac2ee82) Importer(815301076,1909f56bfc062723c751e8b465ee728b)
Start importing Assets/Steve/Ch49_nonPBR@Defeated.fbx using Guid(3f925e250ae76ca418e8838c0ac2ee82) Importer(815301076,1909f56bfc062723c751e8b465ee728b)  -> (artifact id: 'c3b05999b728045ce83642e269823735') in 0.174616 seconds 
  Import took 0.180370 seconds .

========================================================================
Received Import Request.
  Time since last request: 21.282027 seconds.
  path: Assets/Steve/Ch49_nonPBR@Defeated.fbx
  artifactKey: Guid(3f925e250ae76ca418e8838c0ac2ee82) Importer(815301076,1909f56bfc062723c751e8b465ee728b)
Start importing Assets/Steve/Ch49_nonPBR@Defeated.fbx using Guid(3f925e250ae76ca418e8838c0ac2ee82) Importer(815301076,1909f56bfc062723c751e8b465ee728b)  -> (artifact id: '50284d2c1c65986109e1807d42940c84') in 0.056706 seconds 
  Import took 0.062097 seconds .

========================================================================
Received Import Request.
  Time since last request: 20.288620 seconds.
  path: Assets/Steve/Ch49_nonPBR@Defeated.controller
  artifactKey: Guid(5538642afd63174418b440e219057eca) Importer(815301076,1909f56bfc062723c751e8b465ee728b)
Start importing Assets/Steve/Ch49_nonPBR@Defeated.controller using Guid(5538642afd63174418b440e219057eca) Importer(815301076,1909f56bfc062723c751e8b465ee728b)  -> (artifact id: 'ef269482bc462817d352b6e13446277f') in 0.005535 seconds 
  Import took 0.009202 seconds .

========================================================================
Received Prepare
Registering precompiled user dll's ...
Registered in 0.002707 seconds.
Begin MonoManager ReloadAssembly
Native extension for WindowsStandalone target not found
Native extension for WebGL target not found
Refreshing native plugins compatible for Editor in 0.38 ms, found 2 plugins.
Preloading 0 native plugins for Editor in 0.00 ms.
Mono: successfully reloaded assembly
- Completed reload, in  0.769 seconds
Domain Reload Profiling:
	ReloadAssembly (770ms)
		BeginReloadAssembly (86ms)
			ExecutionOrderSort (0ms)
			DisableScriptedObjects (3ms)
			BackupInstance (0ms)
			ReleaseScriptingObjects (0ms)
			CreateAndSetChildDomain (28ms)
		EndReloadAssembly (632ms)
			LoadAssemblies (71ms)
			RebuildTransferFunctionScriptingTraits (0ms)
			SetupTypeCache (234ms)
			ReleaseScriptCaches (1ms)
			RebuildScriptCaches (32ms)
			SetupLoadedEditorAssemblies (217ms)
				LogAssemblyErrors (0ms)
				InitializePlatformSupportModulesInManaged (5ms)
				SetLoadedEditorAssemblies (0ms)
				RefreshPlugins (0ms)
				BeforeProcessingInitializeOnLoad (43ms)
				ProcessInitializeOnLoadAttributes (158ms)
				ProcessInitializeOnLoadMethodAttributes (7ms)
				AfterProcessingInitializeOnLoad (3ms)
				EditorAssembliesLoaded (0ms)
			ExecutionOrderSort2 (0ms)
			AwakeInstancesAfterBackupRestoration (5ms)
Platform modules already initialized, skipping
Refreshing native plugins compatible for Editor in 0.37 ms, found 2 plugins.
Preloading 0 native plugins for Editor in 0.00 ms.
Unloading 1498 Unused Serialized files (Serialized files now loaded: 0)
System memory in use before: 85.2 MB.
System memory in use after: 85.3 MB.

Unloading 14 unused Assets to reduce memory usage. Loaded Objects now: 2004.
Total: 3.657100 ms (FindLiveObjects: 0.263300 ms CreateObjectMapping: 0.087900 ms MarkObjects: 3.287500 ms  DeleteObjects: 0.016500 ms)

AssetImportParameters requested are different than current active one (requested -> active):
  custom:framework-win-MediaFoundation: 216162199b28c13a410421893ffa2e32 -> 
  custom:video-decoder-ogg-theora: a1e56fd34408186e4bbccfd4996cb3dc -> 
  custom:container-muxer-webm: aa71ff27fc2769a1b78a27578f13a17b -> 
  custom:container-demuxer-webm: 4f35f7cbe854078d1ac9338744f61a02 -> 
  custom:container-demuxer-ogg: 62fdf1f143b41e24485cea50d1cbac27 -> 
  custom:video-encoder-webm-vp8: eb34c28f22e8b96e1ab97ce403110664 -> 
  custom:video-decoder-webm-vp8: 9c59270c3fd7afecdb556c50c9e8de78 -> 
  custom:audio-decoder-ogg-vorbis: bf7c407c2cedff20999df2af8eb42d56 -> 
  custom:audio-encoder-webm-vorbis: bf7c407c2cedff20999df2af8eb42d56 -> 
========================================================================
Received Import Request.
  Time since last request: 168.888558 seconds.
  path: Assets/Steve/walking.fbx
  artifactKey: Guid(d1f50a43b75b1284eaa63ad0e5b474b9) Importer(815301076,1909f56bfc062723c751e8b465ee728b)
Start importing Assets/Steve/walking.fbx using Guid(d1f50a43b75b1284eaa63ad0e5b474b9) Importer(815301076,1909f56bfc062723c751e8b465ee728b)  -> (artifact id: '40ba7afbd5c215d20c1688d1ae265687') in 0.025351 seconds 
  Import took 0.029267 seconds .

========================================================================
Received Import Request.
  Time since last request: 14.974846 seconds.
  path: Assets/Steve/walking 1.fbx
  artifactKey: Guid(e3524087c80dc204c964b81a2d9d8ef6) Importer(815301076,1909f56bfc062723c751e8b465ee728b)
Start importing Assets/Steve/walking 1.fbx using Guid(e3524087c80dc204c964b81a2d9d8ef6) Importer(815301076,1909f56bfc062723c751e8b465ee728b)  -> (artifact id: '7d20140be6ed7bf4235cc9a29f095ac1') in 0.010878 seconds 
  Import took 0.015069 seconds .

========================================================================
Received Prepare
Registering precompiled user dll's ...
Registered in 0.002808 seconds.
Begin MonoManager ReloadAssembly
Native extension for WindowsStandalone target not found
Native extension for WebGL target not found
Refreshing native plugins compatible for Editor in 0.37 ms, found 2 plugins.
Preloading 0 native plugins for Editor in 0.00 ms.
Mono: successfully reloaded assembly
- Completed reload, in  0.744 seconds
Domain Reload Profiling:
	ReloadAssembly (744ms)
		BeginReloadAssembly (90ms)
			ExecutionOrderSort (0ms)
			DisableScriptedObjects (4ms)
			BackupInstance (0ms)
			ReleaseScriptingObjects (0ms)
			CreateAndSetChildDomain (27ms)
		EndReloadAssembly (605ms)
			LoadAssemblies (67ms)
			RebuildTransferFunctionScriptingTraits (0ms)
			SetupTypeCache (221ms)
			ReleaseScriptCaches (1ms)
			RebuildScriptCaches (33ms)
			SetupLoadedEditorAssemblies (208ms)
				LogAssemblyErrors (0ms)
				InitializePlatformSupportModulesInManaged (4ms)
				SetLoadedEditorAssemblies (0ms)
				RefreshPlugins (0ms)
				BeforeProcessingInitializeOnLoad (39ms)
				ProcessInitializeOnLoadAttributes (155ms)
				ProcessInitializeOnLoadMethodAttributes (7ms)
				AfterProcessingInitializeOnLoad (3ms)
				EditorAssembliesLoaded (0ms)
			ExecutionOrderSort2 (0ms)
			AwakeInstancesAfterBackupRestoration (5ms)
Platform modules already initialized, skipping
Refreshing native plugins compatible for Editor in 0.36 ms, found 2 plugins.
Preloading 0 native plugins for Editor in 0.00 ms.
Unloading 1498 Unused Serialized files (Serialized files now loaded: 0)
System memory in use before: 85.2 MB.
System memory in use after: 85.3 MB.

Unloading 14 unused Assets to reduce memory usage. Loaded Objects now: 2006.
Total: 3.245900 ms (FindLiveObjects: 0.201800 ms CreateObjectMapping: 0.063400 ms MarkObjects: 2.962500 ms  DeleteObjects: 0.016500 ms)

AssetImportParameters requested are different than current active one (requested -> active):
  custom:framework-win-MediaFoundation: 216162199b28c13a410421893ffa2e32 -> 
  custom:video-decoder-ogg-theora: a1e56fd34408186e4bbccfd4996cb3dc -> 
  custom:container-muxer-webm: aa71ff27fc2769a1b78a27578f13a17b -> 
  custom:container-demuxer-webm: 4f35f7cbe854078d1ac9338744f61a02 -> 
  custom:container-demuxer-ogg: 62fdf1f143b41e24485cea50d1cbac27 -> 
  custom:video-encoder-webm-vp8: eb34c28f22e8b96e1ab97ce403110664 -> 
  custom:video-decoder-webm-vp8: 9c59270c3fd7afecdb556c50c9e8de78 -> 
  custom:audio-decoder-ogg-vorbis: bf7c407c2cedff20999df2af8eb42d56 -> 
  custom:audio-encoder-webm-vorbis: bf7c407c2cedff20999df2af8eb42d56 -> 
========================================================================
Received Import Request.
  Time since last request: 164.924742 seconds.
  path: Assets/Steve/walking.fbx
  artifactKey: Guid(bf1b16c2eb6ddd9449e2174ea1f527a6) Importer(815301076,1909f56bfc062723c751e8b465ee728b)
Start importing Assets/Steve/walking.fbx using Guid(bf1b16c2eb6ddd9449e2174ea1f527a6) Importer(815301076,1909f56bfc062723c751e8b465ee728b)  -> (artifact id: '933921f7be36158abaf86da5dfe7826b') in 0.025258 seconds 
  Import took 0.029608 seconds .

========================================================================
Received Prepare
Registering precompiled user dll's ...
Registered in 0.002994 seconds.
Begin MonoManager ReloadAssembly
Native extension for WindowsStandalone target not found
Native extension for WebGL target not found
Refreshing native plugins compatible for Editor in 0.37 ms, found 2 plugins.
Preloading 0 native plugins for Editor in 0.00 ms.
Mono: successfully reloaded assembly
- Completed reload, in  0.743 seconds
Domain Reload Profiling:
	ReloadAssembly (743ms)
		BeginReloadAssembly (99ms)
			ExecutionOrderSort (0ms)
			DisableScriptedObjects (4ms)
			BackupInstance (0ms)
			ReleaseScriptingObjects (0ms)
			CreateAndSetChildDomain (27ms)
		EndReloadAssembly (597ms)
			LoadAssemblies (66ms)
			RebuildTransferFunctionScriptingTraits (0ms)
			SetupTypeCache (219ms)
			ReleaseScriptCaches (1ms)
			RebuildScriptCaches (32ms)
			SetupLoadedEditorAssemblies (205ms)
				LogAssemblyErrors (0ms)
				InitializePlatformSupportModulesInManaged (4ms)
				SetLoadedEditorAssemblies (0ms)
				RefreshPlugins (0ms)
				BeforeProcessingInitializeOnLoad (38ms)
				ProcessInitializeOnLoadAttributes (152ms)
				ProcessInitializeOnLoadMethodAttributes (7ms)
				AfterProcessingInitializeOnLoad (3ms)
				EditorAssembliesLoaded (0ms)
			ExecutionOrderSort2 (0ms)
			AwakeInstancesAfterBackupRestoration (5ms)
Platform modules already initialized, skipping
Refreshing native plugins compatible for Editor in 0.36 ms, found 2 plugins.
Preloading 0 native plugins for Editor in 0.00 ms.
Unloading 1498 Unused Serialized files (Serialized files now loaded: 0)
System memory in use before: 85.2 MB.
System memory in use after: 85.3 MB.

Unloading 14 unused Assets to reduce memory usage. Loaded Objects now: 2008.
Total: 3.103900 ms (FindLiveObjects: 0.154600 ms CreateObjectMapping: 0.033700 ms MarkObjects: 2.897800 ms  DeleteObjects: 0.016600 ms)

AssetImportParameters requested are different than current active one (requested -> active):
  custom:framework-win-MediaFoundation: 216162199b28c13a410421893ffa2e32 -> 
  custom:video-decoder-ogg-theora: a1e56fd34408186e4bbccfd4996cb3dc -> 
  custom:container-muxer-webm: aa71ff27fc2769a1b78a27578f13a17b -> 
  custom:container-demuxer-webm: 4f35f7cbe854078d1ac9338744f61a02 -> 
  custom:container-demuxer-ogg: 62fdf1f143b41e24485cea50d1cbac27 -> 
  custom:video-encoder-webm-vp8: eb34c28f22e8b96e1ab97ce403110664 -> 
  custom:video-decoder-webm-vp8: 9c59270c3fd7afecdb556c50c9e8de78 -> 
  custom:audio-decoder-ogg-vorbis: bf7c407c2cedff20999df2af8eb42d56 -> 
  custom:audio-encoder-webm-vorbis: bf7c407c2cedff20999df2af8eb42d56 -> 
========================================================================
Received Prepare
Registering precompiled user dll's ...
Registered in 0.003025 seconds.
Begin MonoManager ReloadAssembly
Native extension for WindowsStandalone target not found
Native extension for WebGL target not found
Refreshing native plugins compatible for Editor in 0.37 ms, found 2 plugins.
Preloading 0 native plugins for Editor in 0.00 ms.
Mono: successfully reloaded assembly
- Completed reload, in  0.742 seconds
Domain Reload Profiling:
	ReloadAssembly (742ms)
		BeginReloadAssembly (89ms)
			ExecutionOrderSort (0ms)
			DisableScriptedObjects (3ms)
			BackupInstance (0ms)
			ReleaseScriptingObjects (0ms)
			CreateAndSetChildDomain (27ms)
		EndReloadAssembly (603ms)
			LoadAssemblies (66ms)
			RebuildTransferFunctionScriptingTraits (0ms)
			SetupTypeCache (223ms)
			ReleaseScriptCaches (1ms)
			RebuildScriptCaches (32ms)
			SetupLoadedEditorAssemblies (208ms)
				LogAssemblyErrors (0ms)
				InitializePlatformSupportModulesInManaged (4ms)
				SetLoadedEditorAssemblies (0ms)
				RefreshPlugins (0ms)
				BeforeProcessingInitializeOnLoad (39ms)
				ProcessInitializeOnLoadAttributes (154ms)
				ProcessInitializeOnLoadMethodAttributes (7ms)
				AfterProcessingInitializeOnLoad (3ms)
				EditorAssembliesLoaded (0ms)
			ExecutionOrderSort2 (0ms)
			AwakeInstancesAfterBackupRestoration (5ms)
Platform modules already initialized, skipping
Refreshing native plugins compatible for Editor in 0.37 ms, found 2 plugins.
Preloading 0 native plugins for Editor in 0.00 ms.
Unloading 1498 Unused Serialized files (Serialized files now loaded: 0)
System memory in use before: 85.2 MB.
System memory in use after: 85.3 MB.

Unloading 14 unused Assets to reduce memory usage. Loaded Objects now: 2010.
Total: 3.493300 ms (FindLiveObjects: 0.199400 ms CreateObjectMapping: 0.063100 ms MarkObjects: 3.208500 ms  DeleteObjects: 0.020400 ms)

AssetImportParameters requested are different than current active one (requested -> active):
  custom:framework-win-MediaFoundation: 216162199b28c13a410421893ffa2e32 -> 
  custom:video-decoder-ogg-theora: a1e56fd34408186e4bbccfd4996cb3dc -> 
  custom:container-muxer-webm: aa71ff27fc2769a1b78a27578f13a17b -> 
  custom:container-demuxer-webm: 4f35f7cbe854078d1ac9338744f61a02 -> 
  custom:container-demuxer-ogg: 62fdf1f143b41e24485cea50d1cbac27 -> 
  custom:video-encoder-webm-vp8: eb34c28f22e8b96e1ab97ce403110664 -> 
  custom:video-decoder-webm-vp8: 9c59270c3fd7afecdb556c50c9e8de78 -> 
  custom:audio-decoder-ogg-vorbis: bf7c407c2cedff20999df2af8eb42d56 -> 
  custom:audio-encoder-webm-vorbis: bf7c407c2cedff20999df2af8eb42d56 -> 
========================================================================
Received Prepare
Registering precompiled user dll's ...
Registered in 0.003144 seconds.
Begin MonoManager ReloadAssembly
Native extension for WindowsStandalone target not found
Native extension for WebGL target not found
Refreshing native plugins compatible for Editor in 0.36 ms, found 2 plugins.
Preloading 0 native plugins for Editor in 0.00 ms.
Mono: successfully reloaded assembly
- Completed reload, in  0.735 seconds
Domain Reload Profiling:
	ReloadAssembly (735ms)
		BeginReloadAssembly (84ms)
			ExecutionOrderSort (0ms)
			DisableScriptedObjects (3ms)
			BackupInstance (0ms)
			ReleaseScriptingObjects (0ms)
			CreateAndSetChildDomain (26ms)
		EndReloadAssembly (603ms)
			LoadAssemblies (67ms)
			RebuildTransferFunctionScriptingTraits (0ms)
			SetupTypeCache (218ms)
			ReleaseScriptCaches (1ms)
			RebuildScriptCaches (34ms)
			SetupLoadedEditorAssemblies (209ms)
				LogAssemblyErrors (0ms)
				InitializePlatformSupportModulesInManaged (4ms)
				SetLoadedEditorAssemblies (0ms)
				RefreshPlugins (0ms)
				BeforeProcessingInitializeOnLoad (38ms)
				ProcessInitializeOnLoadAttributes (156ms)
				ProcessInitializeOnLoadMethodAttributes (7ms)
				AfterProcessingInitializeOnLoad (3ms)
				EditorAssembliesLoaded (0ms)
			ExecutionOrderSort2 (0ms)
			AwakeInstancesAfterBackupRestoration (5ms)
Platform modules already initialized, skipping
Refreshing native plugins compatible for Editor in 0.36 ms, found 2 plugins.
Preloading 0 native plugins for Editor in 0.00 ms.
Unloading 1498 Unused Serialized files (Serialized files now loaded: 0)
System memory in use before: 85.2 MB.
System memory in use after: 85.3 MB.

Unloading 14 unused Assets to reduce memory usage. Loaded Objects now: 2012.
Total: 3.443500 ms (FindLiveObjects: 0.201700 ms CreateObjectMapping: 0.064300 ms MarkObjects: 3.156700 ms  DeleteObjects: 0.019400 ms)

AssetImportParameters requested are different than current active one (requested -> active):
  custom:framework-win-MediaFoundation: 216162199b28c13a410421893ffa2e32 -> 
  custom:video-decoder-ogg-theora: a1e56fd34408186e4bbccfd4996cb3dc -> 
  custom:container-muxer-webm: aa71ff27fc2769a1b78a27578f13a17b -> 
  custom:container-demuxer-webm: 4f35f7cbe854078d1ac9338744f61a02 -> 
  custom:container-demuxer-ogg: 62fdf1f143b41e24485cea50d1cbac27 -> 
  custom:video-encoder-webm-vp8: eb34c28f22e8b96e1ab97ce403110664 -> 
  custom:video-decoder-webm-vp8: 9c59270c3fd7afecdb556c50c9e8de78 -> 
  custom:audio-decoder-ogg-vorbis: bf7c407c2cedff20999df2af8eb42d56 -> 
  custom:audio-encoder-webm-vorbis: bf7c407c2cedff20999df2af8eb42d56 -> 
========================================================================
Received Import Request.
  Time since last request: 313.979264 seconds.
  path: Assets/Scenes
  artifactKey: Guid(9170f1eea2ef2684d9411ba052d8149a) Importer(815301076,1909f56bfc062723c751e8b465ee728b)
Start importing Assets/Scenes using Guid(9170f1eea2ef2684d9411ba052d8149a) Importer(815301076,1909f56bfc062723c751e8b465ee728b)  -> (artifact id: 'd74e764849b4349c9374a5e4e6057e31') in 0.011517 seconds 
  Import took 0.014609 seconds .

========================================================================
Received Import Request.
  Time since last request: 1.146898 seconds.
  path: Assets/Scenes/SampleScene.unity
  artifactKey: Guid(9fc0d4010bbf28b4594072e72b8655ab) Importer(815301076,1909f56bfc062723c751e8b465ee728b)
Start importing Assets/Scenes/SampleScene.unity using Guid(9fc0d4010bbf28b4594072e72b8655ab) Importer(815301076,1909f56bfc062723c751e8b465ee728b)  -> (artifact id: '85059f4f9e1a832ed95adaa0d25c5c4c') in 0.013484 seconds 
  Import took 0.016844 seconds .

========================================================================
Received Import Request.
  Time since last request: 3.852767 seconds.
  path: Assets/Scenes/Escena1.unity
  artifactKey: Guid(fadad5518e9f6054fb7881b5e74a9db4) Importer(815301076,1909f56bfc062723c751e8b465ee728b)
Start importing Assets/Scenes/Escena1.unity using Guid(fadad5518e9f6054fb7881b5e74a9db4) Importer(815301076,1909f56bfc062723c751e8b465ee728b)  -> (artifact id: '435104ff677913b7d88b7a8c7688a173') in 0.007942 seconds 
  Import took 0.011344 seconds .

AssetImportWorkerClient::OnTransportError - code=2 error=End of file
